<?xml version="1.0" encoding="UTF-8"?>
<!-- Generated by org.testng.reporters.JUnitReportReporter -->
<testsuite hostname="LENOVO" name="unicodeTech.Module1.ExtractCategories" tests="1" failures="0" timestamp="5 Jun 2020 03:00:50 GMT" time="0.704" errors="0">
  <testcase name="testExtractCategories" time="0.704" classname="unicodeTech.Module1.ExtractCategories"/>
</testsuite> <!-- unicodeTech.Module1.ExtractCategories -->
