<?xml version="1.0" encoding="UTF-8"?>
<!-- Generated by org.testng.reporters.JUnitReportReporter -->
<testsuite hostname="LENOVO" name="unicodeTech.Module2.SearchProduct" tests="5" failures="0" timestamp="5 Jun 2020 03:00:50 GMT" time="4.567" errors="0">
  <testcase name="testSearchProduct" time="0.849" classname="unicodeTech.Module2.SearchProduct"/>
  <testcase name="testSearchProduct" time="1.152" classname="unicodeTech.Module2.SearchProduct"/>
  <testcase name="testSearchProduct" time="0.584" classname="unicodeTech.Module2.SearchProduct"/>
  <testcase name="testSearchProduct" time="1.012" classname="unicodeTech.Module2.SearchProduct"/>
  <testcase name="testSearchProduct" time="0.970" classname="unicodeTech.Module2.SearchProduct"/>
</testsuite> <!-- unicodeTech.Module2.SearchProduct -->
