<?xml version="1.0" encoding="UTF-8"?>
<!-- Generated by org.testng.reporters.JUnitReportReporter -->
<testsuite hostname="LENOVO" name="unicodeTech.Module2.SelectManufacturer" tests="1" failures="0" timestamp="5 Jun 2020 03:00:50 GMT" time="1.395" errors="0">
  <testcase name="testSelectManufacturer" time="1.395" classname="unicodeTech.Module2.SelectManufacturer"/>
</testsuite> <!-- unicodeTech.Module2.SelectManufacturer -->
